2020-03-27 10:27:39,474 INFO org.springframework.boot.StartupInfoLogger [main] Starting SessionMngApplication on nikos with PID 28831 (/media/nikos/LENOVO/backup2/nikos/NetBeansProjects/session-mng/target/classes started by nikos in /media/nikos/LENOVO/backup2/nikos/NetBeansProjects/session-mng)
2020-03-27 10:27:39,502 INFO org.springframework.boot.SpringApplication [main] No active profile set, falling back to default profiles: default
2020-03-27 10:27:39,653 INFO org.springframework.context.support.AbstractApplicationContext [main] Refreshing org.springframework.boot.web.servlet.context.AnnotationConfigServletWebServerApplicationContext@1f6c9cd8: startup date [Fri Mar 27 10:27:39 EET 2020]; root of context hierarchy
2020-03-27 10:27:43,078 INFO org.springframework.context.support.PostProcessorRegistrationDelegate$BeanPostProcessorChecker [main] Bean 'org.springframework.transaction.annotation.ProxyTransactionManagementConfiguration' of type [org.springframework.transaction.annotation.ProxyTransactionManagementConfiguration$$EnhancerBySpringCGLIB$$9e586e4c] is not eligible for getting processed by all BeanPostProcessors (for example: not eligible for auto-proxying)
2020-03-27 10:27:44,374 INFO org.springframework.boot.web.embedded.tomcat.TomcatWebServer [main] Tomcat initialized with port(s): 8443 (http) 8090 (http)
2020-03-27 10:27:44,407 INFO org.apache.juli.logging.DirectJDKLog [main] Initializing ProtocolHandler ["http-nio-8443"]
2020-03-27 10:27:44,432 INFO org.apache.juli.logging.DirectJDKLog [main] Initializing ProtocolHandler ["http-nio-8090"]
2020-03-27 10:27:44,450 INFO org.apache.juli.logging.DirectJDKLog [main] Using a shared selector for servlet write/read
2020-03-27 10:27:44,453 INFO org.apache.juli.logging.DirectJDKLog [main] Starting service [Tomcat]
2020-03-27 10:27:44,454 INFO org.apache.juli.logging.DirectJDKLog [main] Starting Servlet Engine: Apache Tomcat/8.5.34
2020-03-27 10:27:44,465 INFO org.apache.juli.logging.DirectJDKLog [localhost-startStop-1] The APR based Apache Tomcat Native library which allows optimal performance in production environments was not found on the java.library.path: [/usr/java/packages/lib/amd64:/usr/lib/x86_64-linux-gnu/jni:/lib/x86_64-linux-gnu:/usr/lib/x86_64-linux-gnu:/usr/lib/jni:/lib:/usr/lib]
2020-03-27 10:27:44,675 INFO org.apache.juli.logging.DirectJDKLog [localhost-startStop-1] Initializing Spring embedded WebApplicationContext
2020-03-27 10:27:44,677 INFO org.springframework.boot.web.servlet.context.ServletWebServerApplicationContext [localhost-startStop-1] Root WebApplicationContext: initialization completed in 5025 ms
2020-03-27 10:27:44,798 INFO org.springframework.boot.web.servlet.AbstractFilterRegistrationBean [localhost-startStop-1] Mapping filter: 'characterEncodingFilter' to: [/*]
2020-03-27 10:27:44,800 INFO org.springframework.boot.web.servlet.AbstractFilterRegistrationBean [localhost-startStop-1] Mapping filter: 'hiddenHttpMethodFilter' to: [/*]
2020-03-27 10:27:44,801 INFO org.springframework.boot.web.servlet.AbstractFilterRegistrationBean [localhost-startStop-1] Mapping filter: 'httpPutFormContentFilter' to: [/*]
2020-03-27 10:27:44,801 INFO org.springframework.boot.web.servlet.AbstractFilterRegistrationBean [localhost-startStop-1] Mapping filter: 'requestContextFilter' to: [/*]
2020-03-27 10:27:44,802 INFO org.springframework.boot.web.servlet.AbstractFilterRegistrationBean [localhost-startStop-1] Mapping filter: 'springSecurityFilterChain' to: [/*]
2020-03-27 10:27:44,803 INFO org.springframework.boot.web.servlet.ServletRegistrationBean [localhost-startStop-1] Servlet dispatcherServlet mapped to [/]
2020-03-27 10:27:45,091 INFO com.zaxxer.hikari.HikariDataSource [main] HikariPool-1 - Starting...
2020-03-27 10:27:46,418 INFO com.zaxxer.hikari.HikariDataSource [main] HikariPool-1 - Start completed.
2020-03-27 10:27:46,965 INFO org.springframework.orm.jpa.LocalContainerEntityManagerFactoryBean [main] Building JPA container EntityManagerFactory for persistence unit 'default'
2020-03-27 10:27:47,002 INFO org.hibernate.jpa.internal.util.LogHelper [main] HHH000204: Processing PersistenceUnitInfo [
	name: default
	...]
2020-03-27 10:27:47,326 INFO org.hibernate.Version [main] HHH000412: Hibernate Core {5.2.17.Final}
2020-03-27 10:27:47,331 INFO org.hibernate.cfg.Environment [main] HHH000206: hibernate.properties not found
2020-03-27 10:27:47,656 INFO org.hibernate.annotations.common.reflection.java.JavaReflectionManager [main] HCANN000001: Hibernate Commons Annotations {5.0.1.Final}
2020-03-27 10:27:48,315 INFO org.hibernate.dialect.Dialect [main] HHH000400: Using dialect: org.hibernate.dialect.MySQL5Dialect
2020-03-27 10:27:49,387 INFO org.hibernate.tool.schema.internal.SchemaCreatorImpl [main] HHH000476: Executing import script 'org.hibernate.tool.schema.internal.exec.ScriptSourceInputNonExistentImpl@51f4439e'
2020-03-27 10:27:49,398 INFO org.springframework.orm.jpa.AbstractEntityManagerFactoryBean [main] Initialized JPA EntityManagerFactory for persistence unit 'default'
2020-03-27 10:27:50,236 INFO org.hibernate.hql.internal.QueryTranslatorFactoryInitiator [main] HHH000397: Using ASTQueryTranslatorFactory
2020-03-27 10:27:50,571 ERROR eu.esmo.sessionmng.service.impl.SessionServiceImpl [main] null
2020-03-27 10:27:51,039 INFO com.google.code.ssm.config.DefaultAddressProvider [main] Defined values 172.17.0.1:11211 will be used as memcached addresses
2020-03-27 10:27:51,126 INFO com.google.code.ssm.config.DefaultAddressProvider [main] Defined values 172.17.0.1:11211 will be used as memcached addresses
2020-03-27 10:27:51,876 WARN org.springframework.boot.autoconfigure.orm.jpa.JpaBaseConfiguration$JpaWebConfiguration$JpaWebMvcConfiguration [main] spring.jpa.open-in-view is enabled by default. Therefore, database queries may be performed during view rendering. Explicitly configure spring.jpa.open-in-view to disable this warning
2020-03-27 10:27:52,009 INFO org.springframework.web.servlet.handler.AbstractHandlerMethodMapping$MappingRegistry [main] Mapped "{[/fakeSm/startSession],methods=[POST],consumes=[application/x-www-form-urlencoded],produces=[application/json]}" onto public eu.esmo.sessionmng.pojo.SessionMngrResponse eu.esmo.sessionmng.controllers.FakeRestControllers.startSession()
2020-03-27 10:27:52,012 INFO org.springframework.web.servlet.handler.AbstractHandlerMethodMapping$MappingRegistry [main] Mapped "{[/fakeSm/endSession],methods=[DELETE || GET],produces=[application/json]}" onto public eu.esmo.sessionmng.pojo.SessionMngrResponse eu.esmo.sessionmng.controllers.FakeRestControllers.endSession(java.lang.String)
2020-03-27 10:27:52,014 INFO org.springframework.web.servlet.handler.AbstractHandlerMethodMapping$MappingRegistry [main] Mapped "{[/fakeSm/updateSessionData],methods=[POST],consumes=[application/json],produces=[application/json]}" onto public eu.esmo.sessionmng.pojo.SessionMngrResponse eu.esmo.sessionmng.controllers.FakeRestControllers.updateSessionData(eu.esmo.sessionmng.pojo.UpdateDataRequest,javax.servlet.http.HttpServletRequest)
2020-03-27 10:27:52,016 INFO org.springframework.web.servlet.handler.AbstractHandlerMethodMapping$MappingRegistry [main] Mapped "{[/fakeSm/getSessionData],methods=[GET],produces=[application/json]}" onto public eu.esmo.sessionmng.pojo.SessionMngrResponse eu.esmo.sessionmng.controllers.FakeRestControllers.getSessionData(java.lang.String,java.lang.String)
2020-03-27 10:27:52,017 INFO org.springframework.web.servlet.handler.AbstractHandlerMethodMapping$MappingRegistry [main] Mapped "{[/fakeSm/generateToken],methods=[GET],produces=[application/json]}" onto public eu.esmo.sessionmng.pojo.SessionMngrResponse eu.esmo.sessionmng.controllers.FakeRestControllers.generateToken(java.lang.String,java.lang.String,java.lang.String,java.lang.String)
2020-03-27 10:27:52,019 INFO org.springframework.web.servlet.handler.AbstractHandlerMethodMapping$MappingRegistry [main] Mapped "{[/fakeSm/validateToken],methods=[GET],produces=[application/json]}" onto public eu.esmo.sessionmng.pojo.SessionMngrResponse eu.esmo.sessionmng.controllers.FakeRestControllers.validateToken(java.lang.String,javax.servlet.http.HttpServletRequest)
2020-03-27 10:27:52,021 INFO org.springframework.web.servlet.handler.AbstractHandlerMethodMapping$MappingRegistry [main] Mapped "{[/fakeSm/getSession],methods=[GET],produces=[application/json]}" onto public eu.esmo.sessionmng.pojo.SessionMngrResponse eu.esmo.sessionmng.controllers.FakeRestControllers.getSessionFromIdPUUUID(java.lang.String,java.lang.String)
2020-03-27 10:27:52,023 INFO org.springframework.web.servlet.handler.AbstractHandlerMethodMapping$MappingRegistry [main] Mapped "{[/loglevel/{loglevel}],methods=[POST]}" onto public java.lang.String eu.esmo.sessionmng.controllers.LoggerControllers.loglevel(java.lang.String,java.lang.String) throws java.lang.Exception
2020-03-27 10:27:52,028 INFO org.springframework.web.servlet.handler.AbstractHandlerMethodMapping$MappingRegistry [main] Mapped "{[/sm/startSession],methods=[POST],consumes=[application/x-www-form-urlencoded],produces=[application/json]}" onto public eu.esmo.sessionmng.pojo.SessionMngrResponse eu.esmo.sessionmng.controllers.RestControllers.startSession()
2020-03-27 10:27:52,031 INFO org.springframework.web.servlet.handler.AbstractHandlerMethodMapping$MappingRegistry [main] Mapped "{[/sm/endSession],methods=[DELETE || GET],produces=[application/json]}" onto public eu.esmo.sessionmng.pojo.SessionMngrResponse eu.esmo.sessionmng.controllers.RestControllers.endSession(java.lang.String)
2020-03-27 10:27:52,032 INFO org.springframework.web.servlet.handler.AbstractHandlerMethodMapping$MappingRegistry [main] Mapped "{[/sm/updateSessionData],methods=[POST],consumes=[application/json],produces=[application/json]}" onto public eu.esmo.sessionmng.pojo.SessionMngrResponse eu.esmo.sessionmng.controllers.RestControllers.updateSessionData(eu.esmo.sessionmng.pojo.UpdateDataRequest,javax.servlet.http.HttpServletRequest)
2020-03-27 10:27:52,033 INFO org.springframework.web.servlet.handler.AbstractHandlerMethodMapping$MappingRegistry [main] Mapped "{[/sm/getSessionData],methods=[GET],produces=[application/json]}" onto public eu.esmo.sessionmng.pojo.SessionMngrResponse eu.esmo.sessionmng.controllers.RestControllers.getSessionData(java.lang.String,java.lang.String)
2020-03-27 10:27:52,035 INFO org.springframework.web.servlet.handler.AbstractHandlerMethodMapping$MappingRegistry [main] Mapped "{[/sm/generateToken],methods=[GET],produces=[application/json]}" onto public eu.esmo.sessionmng.pojo.SessionMngrResponse eu.esmo.sessionmng.controllers.RestControllers.generateToken(java.lang.String,java.lang.String,java.lang.String,java.lang.String)
2020-03-27 10:27:52,036 INFO org.springframework.web.servlet.handler.AbstractHandlerMethodMapping$MappingRegistry [main] Mapped "{[/sm/validateToken],methods=[GET],produces=[application/json]}" onto public eu.esmo.sessionmng.pojo.SessionMngrResponse eu.esmo.sessionmng.controllers.RestControllers.validateToken(java.lang.String,javax.servlet.http.HttpServletRequest)
2020-03-27 10:27:52,037 INFO org.springframework.web.servlet.handler.AbstractHandlerMethodMapping$MappingRegistry [main] Mapped "{[/sm/getSession],methods=[GET],produces=[application/json]}" onto public eu.esmo.sessionmng.pojo.SessionMngrResponse eu.esmo.sessionmng.controllers.RestControllers.getSessionFromIdPUUUID(java.lang.String,java.lang.String)
2020-03-27 10:27:52,064 INFO org.springframework.web.servlet.handler.AbstractHandlerMethodMapping$MappingRegistry [main] Mapped "{[/swagger-resources/configuration/ui]}" onto public org.springframework.http.ResponseEntity<springfox.documentation.swagger.web.UiConfiguration> springfox.documentation.swagger.web.ApiResourceController.uiConfiguration()
2020-03-27 10:27:52,069 INFO org.springframework.web.servlet.handler.AbstractHandlerMethodMapping$MappingRegistry [main] Mapped "{[/swagger-resources]}" onto public org.springframework.http.ResponseEntity<java.util.List<springfox.documentation.swagger.web.SwaggerResource>> springfox.documentation.swagger.web.ApiResourceController.swaggerResources()
2020-03-27 10:27:52,073 INFO org.springframework.web.servlet.handler.AbstractHandlerMethodMapping$MappingRegistry [main] Mapped "{[/swagger-resources/configuration/security]}" onto public org.springframework.http.ResponseEntity<springfox.documentation.swagger.web.SecurityConfiguration> springfox.documentation.swagger.web.ApiResourceController.securityConfiguration()
2020-03-27 10:27:52,088 INFO org.springframework.web.servlet.handler.AbstractHandlerMethodMapping$MappingRegistry [main] Mapped "{[/error],produces=[text/html]}" onto public org.springframework.web.servlet.ModelAndView org.springframework.boot.autoconfigure.web.servlet.error.BasicErrorController.errorHtml(javax.servlet.http.HttpServletRequest,javax.servlet.http.HttpServletResponse)
2020-03-27 10:27:52,089 INFO org.springframework.web.servlet.handler.AbstractHandlerMethodMapping$MappingRegistry [main] Mapped "{[/error]}" onto public org.springframework.http.ResponseEntity<java.util.Map<java.lang.String, java.lang.Object>> org.springframework.boot.autoconfigure.web.servlet.error.BasicErrorController.error(javax.servlet.http.HttpServletRequest)
2020-03-27 10:27:52,552 INFO springfox.documentation.spring.web.PropertySourcedRequestMappingHandlerMapping [main] Mapped URL path [/v2/api-docs] onto method [public org.springframework.http.ResponseEntity<springfox.documentation.spring.web.json.Json> springfox.documentation.swagger2.web.Swagger2Controller.getDocumentation(java.lang.String,javax.servlet.http.HttpServletRequest)]
2020-03-27 10:27:52,805 INFO org.springframework.web.servlet.handler.AbstractUrlHandlerMapping [main] Mapped URL path [/**/favicon.ico] onto handler of type [class org.springframework.web.servlet.resource.ResourceHttpRequestHandler]
2020-03-27 10:27:53,117 INFO org.springframework.web.servlet.mvc.method.annotation.RequestMappingHandlerAdapter [main] Looking for @ControllerAdvice: org.springframework.boot.web.servlet.context.AnnotationConfigServletWebServerApplicationContext@1f6c9cd8: startup date [Fri Mar 27 10:27:39 EET 2020]; root of context hierarchy
2020-03-27 10:27:53,254 INFO org.springframework.web.servlet.handler.AbstractUrlHandlerMapping [main] Mapped URL path [/webjars/**] onto handler of type [class org.springframework.web.servlet.resource.ResourceHttpRequestHandler]
2020-03-27 10:27:53,254 INFO org.springframework.web.servlet.handler.AbstractUrlHandlerMapping [main] Mapped URL path [/**] onto handler of type [class org.springframework.web.servlet.resource.ResourceHttpRequestHandler]
2020-03-27 10:27:53,845 INFO org.springframework.boot.autoconfigure.security.servlet.UserDetailsServiceAutoConfiguration [main] 

Using generated security password: 504e3f2b-3512-4cf8-b446-b502be785557

